{
  "uid" : "59ac5d751353f81",
  "name" : "test_delete_first_contact",
  "fullName" : "test.test_contacts.test_del_first_contact#test_delete_first_contact",
  "historyId" : "b717674a87f6662cb21ac86e556e7601",
  "time" : {
    "start" : 1584644228582,
    "stop" : 1584644229998,
    "duration" : 1416
  },
  "status" : "broken",
  "statusMessage" : "AttributeError: 'WebDriver' object has no attribute 'switch_to_alert'",
  "statusTrace" : "app = <fixture.application.Application object at 0x00000239C7025DC8>\n\n    def test_delete_first_contact(app):\n        contact = Contacts(firstname=\"Alina\", middlename=\"Ivanovna\", lastname=\"Lallala\" , email=\"gghf@urte.tu\")\n        if app.contacts.count() == 0:\n            app.contacts.add_information_of_person(contact)\n        old_contacts = app.contacts.get_contacts_list()\n>       app.contacts.delete_first_contact()\n\ntest\\test_contacts\\test_del_first_contact.py:9: \n_ _ _ _ _ _ _ _ _ _ _ _ _ _ _ _ _ _ _ _ _ _ _ _ _ _ _ _ _ _ _ _ _ _ _ _ _ _ _ _ _ _ _ _ _ _ _ _ _ _ _ _ _ _ _ _ _ _ _ _\nfixture\\contacts.py:82: in delete_first_contact\n    self.delete_contact_by_index(0)\n_ _ _ _ _ _ _ _ _ _ _ _ _ _ _ _ _ _ _ _ _ _ _ _ _ _ _ _ _ _ _ _ _ _ _ _ _ _ _ _ _ _ _ _ _ _ _ _ _ _ _ _ _ _ _ _ _ _ _ _\n\nself = <fixture.contacts.ContactsHelper object at 0x00000239C70117C8>, index = 0\n\n    def delete_contact_by_index(self, index):\n        wd = self.app.wd\n        self.app.return_to_home_page()\n        self.select_contact_by_index(index)\n        # submit deletion\n        wd.find_element_by_xpath(\"//input[@value='Delete']\").click()\n>       wd.switch_to_alert().accept()\nE       AttributeError: 'WebDriver' object has no attribute 'switch_to_alert'\n\nfixture\\contacts.py:91: AttributeError",
  "flaky" : false,
  "newFailed" : false,
  "beforeStages" : [ {
    "name" : "stop",
    "time" : {
      "start" : 1584644160495,
      "stop" : 1584644160495,
      "duration" : 0
    },
    "status" : "passed",
    "steps" : [ ],
    "attachments" : [ ],
    "parameters" : [ ],
    "stepsCount" : 0,
    "hasContent" : false,
    "attachmentsCount" : 0,
    "shouldDisplayMessage" : false
  }, {
    "name" : "app",
    "time" : {
      "start" : 1584644222361,
      "stop" : 1584644228581,
      "duration" : 6220
    },
    "status" : "passed",
    "steps" : [ ],
    "attachments" : [ ],
    "parameters" : [ ],
    "stepsCount" : 0,
    "hasContent" : false,
    "attachmentsCount" : 0,
    "shouldDisplayMessage" : false
  } ],
  "afterStages" : [ {
    "name" : "stop::fin",
    "time" : {
      "start" : 1584644265846,
      "stop" : 1584644268713,
      "duration" : 2867
    },
    "status" : "passed",
    "steps" : [ ],
    "attachments" : [ ],
    "parameters" : [ ],
    "stepsCount" : 0,
    "hasContent" : false,
    "attachmentsCount" : 0,
    "shouldDisplayMessage" : false
  } ],
  "labels" : [ {
    "name" : "parentSuite",
    "value" : "test.test_contacts"
  }, {
    "name" : "suite",
    "value" : "test_del_first_contact"
  }, {
    "name" : "host",
    "value" : "ASinelnikova"
  }, {
    "name" : "thread",
    "value" : "14004-MainThread"
  }, {
    "name" : "framework",
    "value" : "pytest"
  }, {
    "name" : "language",
    "value" : "cpython3"
  }, {
    "name" : "package",
    "value" : "test.test_contacts.test_del_first_contact"
  }, {
    "name" : "resultFormat",
    "value" : "allure2"
  } ],
  "parameters" : [ ],
  "links" : [ ],
  "hidden" : false,
  "retry" : false,
  "extra" : {
    "severity" : "normal",
    "retries" : [ {
      "uid" : "500c3983f657b429",
      "status" : "broken",
      "statusDetails" : "selenium.common.exceptions.WebDriverException: Message: Reached error page: about:neterror?e=connectionFailure&u=http%3A//localhost/addressbook/&c=UTF-8&f=regular&d=Firefox%20can%E2%80%99t%20establish%20a%20connection%20to%20the%20server%20at%20localhost.\nStacktrace:\nWebDriverError@chrome://marionette/content/error.js:175:5\nUnknownError@chrome://marionette/content/error.js:482:5\nhandleReadyState@chrome://marionette/content/listener.js:297:13\nhandleEvent@chrome://marionette/content/listener.js:263:14",
      "time" : {
        "start" : 1584644052346,
        "stop" : 1584644052346,
        "duration" : 0
      }
    }, {
      "uid" : "d367548b232fddcd",
      "status" : "broken",
      "statusDetails" : "selenium.common.exceptions.WebDriverException: Message: 'geckodriver' executable needs to be in PATH.",
      "time" : {
        "start" : 1584643596918,
        "stop" : 1584643596918,
        "duration" : 0
      }
    } ],
    "categories" : [ {
      "name" : "Test defects",
      "matchedStatuses" : [ ],
      "flaky" : false
    } ],
    "tags" : [ ]
  },
  "source" : "59ac5d751353f81.json",
  "parameterValues" : [ ]
}